<?xml version="1.0" encoding="UTF-8"?>
<!-- Generated by org.testng.reporters.JUnitReportReporter -->
<testsuite skipped="0" hostname="DESKTOP-MPL4FM9" name="tests.HomePageTest" tests="1" failures="0" timestamp="04 Feb 2020 09:51:56 GMT" time="53.108" errors="0">
  <testcase name="Checkout" time="53.108" classname="tests.HomePageTest"/>
</testsuite> <!-- tests.HomePageTest -->
